<?xml version="1.0" encoding="UTF-8"?>
<!-- Generated by org.testng.reporters.JUnitReportReporter -->
<testsuite hostname="vmlsinca0031m.lan" failures="0" tests="1" name="com.w2a.testcases.BankManagerLoginTest" time="3.773" errors="0" timestamp="23 Oct 2020 04:29:50 GMT" skipped="0">
  <testcase classname="com.w2a.testcases.BankManagerLoginTest" name="bankManagerLoginTest" time="3.773"/>
</testsuite> <!-- com.w2a.testcases.BankManagerLoginTest -->
