<?xml version="1.0" encoding="UTF-8"?>
<!-- Generated by org.testng.reporters.JUnitReportReporter -->
<testsuite hostname="vmlsinca0031m.lan" failures="0" tests="4" name="com.w2a.testcases.AddCustomerTest" time="13.015" errors="0" timestamp="23 Oct 2020 04:29:50 GMT" skipped="1">
  <testcase classname="com.w2a.testcases.AddCustomerTest" name="addCustomerTest" time="4.506"/>
  <testcase classname="com.w2a.testcases.AddCustomerTest" name="addCustomerTest" time="0.000">
    <skipped/>
  </testcase> <!-- addCustomerTest -->
  <testcase classname="com.w2a.testcases.AddCustomerTest" name="addCustomerTest" time="4.241"/>
  <testcase classname="com.w2a.testcases.AddCustomerTest" name="addCustomerTest" time="4.268"/>
</testsuite> <!-- com.w2a.testcases.AddCustomerTest -->
